  [1m[35m (77.4ms)[0m  [1m[35mCREATE DATABASE "cats99_development" ENCODING = 'unicode'[0m
  [1m[35m (57.9ms)[0m  [1m[35mCREATE DATABASE "cats99_test" ENCODING = 'unicode'[0m
  [1m[35m (4.1ms)[0m  [1m[35mCREATE TABLE "schema_migrations" ("version" character varying NOT NULL PRIMARY KEY)[0m
  [1m[35m (1.0ms)[0m  [1m[35mCREATE TABLE "ar_internal_metadata" ("key" character varying NOT NULL PRIMARY KEY, "value" character varying, "created_at" timestamp(6) NOT NULL, "updated_at" timestamp(6) NOT NULL)[0m
  [1m[35m (0.2ms)[0m  [1m[34mSELECT pg_try_advisory_lock(7809834472913233005)[0m
  [1m[36mActiveRecord::SchemaMigration Load (0.2ms)[0m  [1m[34mSELECT "schema_migrations"."version" FROM "schema_migrations" ORDER BY "schema_migrations"."version" ASC[0m
  [1m[36mActiveRecord::InternalMetadata Load (0.9ms)[0m  [1m[34mSELECT * FROM "ar_internal_metadata" WHERE "ar_internal_metadata"."key" = $1 ORDER BY "ar_internal_metadata"."key" ASC LIMIT 1[0m  [[nil, "environment"]]
  [1m[36mActiveRecord::InternalMetadata Create (1.0ms)[0m  [1m[32mINSERT INTO "ar_internal_metadata" ("key", "value", "created_at", "updated_at") VALUES ('environment', 'development', '2023-11-27 19:10:40.603722', '2023-11-27 19:10:40.603724') RETURNING "key"[0m
Migrating to CreateCats (20231127190651)
  [1m[36mTRANSACTION (0.1ms)[0m  [1m[35mBEGIN[0m
  [1m[35m (4.8ms)[0m  [1m[35mCREATE TABLE "cats" ("id" bigserial primary key, "birth_date" date NOT NULL, "color" character varying NOT NULL, "name" character varying NOT NULL, "sex" character varying(1) NOT NULL, "description" text, "created_at" timestamp(6) NOT NULL, "updated_at" timestamp(6) NOT NULL)[0m
  [1m[36mActiveRecord::SchemaMigration Create (0.2ms)[0m  [1m[32mINSERT INTO "schema_migrations" ("version") VALUES ('20231127190651') RETURNING "version"[0m
  [1m[36mTRANSACTION (0.1ms)[0m  [1m[35mCOMMIT[0m
  [1m[35m (0.2ms)[0m  [1m[34mSELECT pg_advisory_unlock(7809834472913233005)[0m
  [1m[36mActiveRecord::SchemaMigration Load (0.1ms)[0m  [1m[34mSELECT "schema_migrations"."version" FROM "schema_migrations" ORDER BY "schema_migrations"."version" ASC[0m
  [1m[36mActiveRecord::SchemaMigration Load (1.3ms)[0m  [1m[34mSELECT "schema_migrations"."version" FROM "schema_migrations" ORDER BY "schema_migrations"."version" ASC[0m
  [1m[36mCat Load (0.7ms)[0m  [1m[34mSELECT "cats".* FROM "cats" /* loading for pp */ LIMIT $1[0m  [["LIMIT", 11]]
  [1m[36mTRANSACTION (0.5ms)[0m  [1m[35mBEGIN[0m
  [1m[36mCat Create (6.7ms)[0m  [1m[32mINSERT INTO "cats" ("birth_date", "color", "name", "sex", "description", "created_at", "updated_at") VALUES ($1, $2, $3, $4, $5, $6, $7) RETURNING "id"[0m  [["birth_date", "2012-01-01"], ["color", "black"], ["name", "mark"], ["sex", "M"], ["description", nil], ["created_at", "2023-11-27 19:50:01.891546"], ["updated_at", "2023-11-27 19:50:01.891546"]]
  [1m[36mTRANSACTION (1.8ms)[0m  [1m[35mCOMMIT[0m
  [1m[36mCat Load (0.6ms)[0m  [1m[34mSELECT "cats".* FROM "cats" /* loading for pp */ LIMIT $1[0m  [["LIMIT", 11]]
Started GET "/cats" for ::1 at 2023-11-27 14:56:43 -0500
  [1m[36mActiveRecord::SchemaMigration Load (3.6ms)[0m  [1m[34mSELECT "schema_migrations"."version" FROM "schema_migrations" ORDER BY "schema_migrations"."version" ASC[0m
Processing by CatsController#index as */*
  Parameters: {"id"=>"2"}
  [1m[36mCat Load (1.0ms)[0m  [1m[34mSELECT "cats".* FROM "cats"[0m
  ↳ app/controllers/cats_controller.rb:4:in `index'
Completed 200 OK in 46ms (Views: 10.8ms | ActiveRecord: 25.0ms | Allocations: 21371)


Started GET "/cats/new" for ::1 at 2023-11-27 15:13:58 -0500
Processing by CatsController#new as */*
  Parameters: {"id"=>"2"}
  Rendering layout layouts/application.html.erb
  Rendering cats/new.html.erb within layouts/application
  Rendered cats/new.html.erb within layouts/application (Duration: 2.6ms | Allocations: 3461)
  Rendered layout layouts/application.html.erb (Duration: 2.7ms | Allocations: 3591)
Completed 500 Internal Server Error in 6ms (ActiveRecord: 0.0ms | Allocations: 5481)



NoMethodError - undefined method `name' for nil:NilClass:
  app/views/cats/new.html.erb:4

Started GET "/cats/new" for ::1 at 2023-11-27 15:14:39 -0500
Processing by CatsController#new as */*
  Parameters: {"id"=>"2"}
  Rendering layout layouts/application.html.erb
  Rendering cats/new.html.erb within layouts/application
  Rendered cats/new.html.erb within layouts/application (Duration: 0.9ms | Allocations: 2392)
  Rendered layout layouts/application.html.erb (Duration: 1.0ms | Allocations: 2481)
Completed 500 Internal Server Error in 2ms (ActiveRecord: 0.0ms | Allocations: 3386)



NoMethodError - undefined method `name' for nil:NilClass:
  app/views/cats/new.html.erb:4
  app/controllers/cats_controller.rb:13:in `new'

Started GET "/cats/new" for ::1 at 2023-11-27 15:20:45 -0500
Processing by CatsController#new as */*
  Parameters: {"id"=>"2"}
  Rendering layout layouts/application.html.erb
  Rendering cats/new.html.erb within layouts/application
  Rendered cats/new.html.erb within layouts/application (Duration: 0.3ms | Allocations: 311)
  Rendered layout layouts/application.html.erb (Duration: 21.3ms | Allocations: 6670)
Completed 200 OK in 45ms (Views: 22.5ms | ActiveRecord: 9.5ms | Allocations: 14410)


Started GET "/cats/new" for ::1 at 2023-11-27 15:21:12 -0500
Processing by CatsController#new as */*
  Parameters: {"id"=>"2"}
  Rendering layout layouts/application.html.erb
  Rendering cats/new.html.erb within layouts/application
  Rendered cats/new.html.erb within layouts/application (Duration: 0.3ms | Allocations: 64)
  Rendered layout layouts/application.html.erb (Duration: 18.8ms | Allocations: 2562)
Completed 200 OK in 20ms (Views: 19.3ms | ActiveRecord: 0.0ms | Allocations: 2791)


Started GET "/" for ::1 at 2023-11-27 15:21:32 -0500
Processing by Rails::WelcomeController#index as HTML
  Rendering /Users/Eric/.rbenv/versions/3.1.1/lib/ruby/gems/3.1.0/gems/railties-7.1.2/lib/rails/templates/rails/welcome/index.html.erb
  Rendered /Users/Eric/.rbenv/versions/3.1.1/lib/ruby/gems/3.1.0/gems/railties-7.1.2/lib/rails/templates/rails/welcome/index.html.erb (Duration: 0.4ms | Allocations: 276)
Completed 200 OK in 2ms (Views: 1.5ms | ActiveRecord: 0.0ms | Allocations: 1041)


Started GET "/cats/new" for ::1 at 2023-11-27 15:21:40 -0500
Processing by CatsController#new as HTML
  Rendering layout layouts/application.html.erb
  Rendering cats/new.html.erb within layouts/application
  Rendered cats/new.html.erb within layouts/application (Duration: 3.4ms | Allocations: 80)
  Rendered layout layouts/application.html.erb (Duration: 10.6ms | Allocations: 1203)
Completed 200 OK in 12ms (Views: 11.4ms | ActiveRecord: 0.0ms | Allocations: 1424)


Started GET "/cats/new" for ::1 at 2023-11-27 15:43:16 -0500
Processing by CatsController#new as HTML
  Rendering layout layouts/application.html.erb
  Rendering cats/new.html.erb within layouts/application
  Rendered cats/new.html.erb within layouts/application (Duration: 3.9ms | Allocations: 4129)
  Rendered layout layouts/application.html.erb (Duration: 4.0ms | Allocations: 4218)
Completed 500 Internal Server Error in 26ms (ActiveRecord: 9.6ms | Allocations: 11894)



NameError - uninitialized constant Cat::CAT_COLORS:
  app/views/cats/new.html.erb:18
  app/controllers/cats_controller.rb:14:in `new'

Started POST "/__better_errors/248dc1a5b4330f8a/variables" for ::1 at 2023-11-27 15:43:16 -0500
Started GET "/cats/new" for ::1 at 2023-11-27 16:10:29 -0500
Processing by CatsController#new as HTML
  Rendering layout layouts/application.html.erb
  Rendering cats/new.html.erb within layouts/application
  Rendered cats/new.html.erb within layouts/application (Duration: 3.8ms | Allocations: 4190)
  Rendered layout layouts/application.html.erb (Duration: 3.9ms | Allocations: 4279)
Completed 500 Internal Server Error in 30ms (ActiveRecord: 10.9ms | Allocations: 11894)



NameError - uninitialized constant Cat::CAT_COLORS:
  app/views/cats/new.html.erb:26
  app/controllers/cats_controller.rb:14:in `new'

Started POST "/__better_errors/61e5a5b5e634fa0d/variables" for ::1 at 2023-11-27 16:10:29 -0500
Started GET "/cats/new" for ::1 at 2023-11-27 16:10:44 -0500
Processing by CatsController#new as HTML
  Rendering layout layouts/application.html.erb
  Rendering cats/new.html.erb within layouts/application
  Rendered cats/new.html.erb within layouts/application (Duration: 9.7ms | Allocations: 3788)
  Rendered layout layouts/application.html.erb (Duration: 10.3ms | Allocations: 3871)
Completed 500 Internal Server Error in 12ms (ActiveRecord: 0.0ms | Allocations: 4080)



NameError - uninitialized constant Cat::CAT_COLORS:
  app/views/cats/new.html.erb:26
  app/controllers/cats_controller.rb:14:in `new'

Started POST "/__better_errors/08ebaebb34a3e124/variables" for ::1 at 2023-11-27 16:10:45 -0500
Started GET "/cats/new" for ::1 at 2023-11-27 16:15:22 -0500
Processing by CatsController#new as HTML
  Rendering layout layouts/application.html.erb
  Rendering cats/new.html.erb within layouts/application
  [1m[36mCat Load (1.5ms)[0m  [1m[34mSELECT "cats".* FROM "cats" /* loading for inspect */ LIMIT $1[0m  [["LIMIT", 11]]
  ↳ app/views/cats/new.html.erb:26
  Rendered cats/new.html.erb within layouts/application (Duration: 140854.6ms | Allocations: 125563)
  Rendered layout layouts/application.html.erb (Duration: 140855.2ms | Allocations: 126099)
Completed 500 Internal Server Error in 140873ms (ActiveRecord: 13.4ms | Allocations: 131350)


Started GET "/cats/new" for ::1 at 2023-11-27 16:17:43 -0500

NameError - uninitialized constant Cat::CAT_COLORS:
  app/views/cats/new.html.erb:27
  app/controllers/cats_controller.rb:14:in `new'

Processing by CatsController#new as HTML
  Rendering layout layouts/application.html.erb
  Rendering cats/new.html.erb within layouts/application
  Rendered cats/new.html.erb within layouts/application (Duration: 4963.0ms | Allocations: 2890)
  Rendered layout layouts/application.html.erb (Duration: 4968.4ms | Allocations: 4820)
Completed 200 OK in 4976ms (Views: 4969.6ms | ActiveRecord: 3.6ms | Allocations: 10657)


Started GET "/cats/new" for ::1 at 2023-11-27 16:17:53 -0500
Processing by CatsController#new as HTML
  Rendering layout layouts/application.html.erb
  Rendering cats/new.html.erb within layouts/application
  Rendered cats/new.html.erb within layouts/application (Duration: 79469.7ms | Allocations: 2405)
  Rendered layout layouts/application.html.erb (Duration: 79474.1ms | Allocations: 3591)
Completed 200 OK in 79475ms (Views: 79474.5ms | ActiveRecord: 0.0ms | Allocations: 3808)


Started GET "/cats/new" for ::1 at 2023-11-27 16:20:14 -0500
Processing by CatsController#new as HTML
  Rendering layout layouts/application.html.erb
  Rendering cats/new.html.erb within layouts/application
  Rendered cats/new.html.erb within layouts/application (Duration: 0.4ms | Allocations: 432)
  Rendered layout layouts/application.html.erb (Duration: 1.9ms | Allocations: 1960)
Completed 200 OK in 12ms (Views: 3.0ms | ActiveRecord: 6.1ms | Allocations: 7151)


Started GET "/cats/new" for ::1 at 2023-11-27 16:21:34 -0500
Processing by CatsController#new as HTML
  Rendering layout layouts/application.html.erb
  Rendering cats/new.html.erb within layouts/application
  Rendered cats/new.html.erb within layouts/application (Duration: 0.5ms | Allocations: 420)
  Rendered layout layouts/application.html.erb (Duration: 2.1ms | Allocations: 1939)
Completed 200 OK in 11ms (Views: 3.4ms | ActiveRecord: 3.4ms | Allocations: 7116)


Started GET "/cats/new" for ::1 at 2023-11-27 16:21:54 -0500
Processing by CatsController#new as HTML
  Rendering layout layouts/application.html.erb
  Rendering cats/new.html.erb within layouts/application
  Rendered cats/new.html.erb within layouts/application (Duration: 0.5ms | Allocations: 421)
  Rendered layout layouts/application.html.erb (Duration: 2.1ms | Allocations: 1939)
Completed 200 OK in 11ms (Views: 3.6ms | ActiveRecord: 4.1ms | Allocations: 7108)


Started GET "/cats/new" for ::1 at 2023-11-27 16:26:36 -0500
Processing by CatsController#new as HTML
  Rendering layout layouts/application.html.erb
  Rendering cats/new.html.erb within layouts/application
  Rendered cats/new.html.erb within layouts/application (Duration: 0.4ms | Allocations: 442)
  Rendered layout layouts/application.html.erb (Duration: 1.7ms | Allocations: 1945)
Completed 200 OK in 10ms (Views: 2.7ms | ActiveRecord: 4.6ms | Allocations: 7113)


Started GET "/cats/new" for ::1 at 2023-11-27 16:27:05 -0500
Processing by CatsController#new as HTML
  Rendering layout layouts/application.html.erb
  Rendering cats/new.html.erb within layouts/application
  Rendered cats/new.html.erb within layouts/application (Duration: 0.4ms | Allocations: 441)
  Rendered layout layouts/application.html.erb (Duration: 2.1ms | Allocations: 1953)
Completed 200 OK in 14ms (Views: 3.6ms | ActiveRecord: 6.1ms | Allocations: 7121)


Started GET "/cats/new" for ::1 at 2023-11-27 16:27:15 -0500
Processing by CatsController#new as HTML
  Rendering layout layouts/application.html.erb
  Rendering cats/new.html.erb within layouts/application
  Rendered cats/new.html.erb within layouts/application (Duration: 0.4ms | Allocations: 446)
  Rendered layout layouts/application.html.erb (Duration: 2.0ms | Allocations: 1956)
Completed 200 OK in 12ms (Views: 3.4ms | ActiveRecord: 5.6ms | Allocations: 7185)


Started GET "/cats/new" for ::1 at 2023-11-27 16:27:36 -0500
Processing by CatsController#new as HTML
  Rendering layout layouts/application.html.erb
  Rendering cats/new.html.erb within layouts/application
  Rendered cats/new.html.erb within layouts/application (Duration: 0.4ms | Allocations: 443)
  Rendered layout layouts/application.html.erb (Duration: 1.6ms | Allocations: 1965)
Completed 200 OK in 12ms (Views: 2.7ms | ActiveRecord: 3.9ms | Allocations: 7137)


Started GET "/cats/new" for ::1 at 2023-11-27 16:29:37 -0500
Processing by CatsController#new as HTML
  Rendering layout layouts/application.html.erb
  Rendering cats/new.html.erb within layouts/application
  Rendered cats/new.html.erb within layouts/application (Duration: 0.4ms | Allocations: 442)
  Rendered layout layouts/application.html.erb (Duration: 2.1ms | Allocations: 1952)
Completed 200 OK in 11ms (Views: 3.6ms | ActiveRecord: 3.8ms | Allocations: 7120)


Started GET "/cats/new" for ::1 at 2023-11-27 16:30:24 -0500
Processing by CatsController#new as HTML
  Rendering layout layouts/application.html.erb
  Rendering cats/new.html.erb within layouts/application
  Rendered cats/new.html.erb within layouts/application (Duration: 0.4ms | Allocations: 442)
  Rendered layout layouts/application.html.erb (Duration: 4.5ms | Allocations: 1956)
Completed 200 OK in 15ms (Views: 6.0ms | ActiveRecord: 5.8ms | Allocations: 7125)


Started GET "/cats/new" for ::1 at 2023-11-27 16:30:28 -0500
Processing by CatsController#new as HTML
  Rendering layout layouts/application.html.erb
  Rendering cats/new.html.erb within layouts/application
  Rendered cats/new.html.erb within layouts/application (Duration: 0.4ms | Allocations: 446)
  Rendered layout layouts/application.html.erb (Duration: 1.8ms | Allocations: 1979)
Completed 200 OK in 11ms (Views: 3.0ms | ActiveRecord: 4.3ms | Allocations: 7208)


Started GET "/cats/new" for ::1 at 2023-11-27 16:30:28 -0500
Processing by CatsController#new as HTML
  Rendering layout layouts/application.html.erb
  Rendering cats/new.html.erb within layouts/application
  Rendered cats/new.html.erb within layouts/application (Duration: 0.6ms | Allocations: 68)
  Rendered layout layouts/application.html.erb (Duration: 6.9ms | Allocations: 1160)
Completed 200 OK in 9ms (Views: 8.3ms | ActiveRecord: 0.0ms | Allocations: 1377)


Started GET "/cats/new" for ::1 at 2023-11-27 16:31:14 -0500
Processing by CatsController#new as HTML
  Rendering layout layouts/application.html.erb
  Rendering cats/new.html.erb within layouts/application
  Rendered cats/new.html.erb within layouts/application (Duration: 0.4ms | Allocations: 442)
  Rendered layout layouts/application.html.erb (Duration: 1.9ms | Allocations: 1966)
Completed 200 OK in 13ms (Views: 3.2ms | ActiveRecord: 6.2ms | Allocations: 7138)


Started GET "/cats/new" for ::1 at 2023-11-27 16:31:25 -0500
Processing by CatsController#new as HTML
  Rendering layout layouts/application.html.erb
  Rendering cats/new.html.erb within layouts/application
  Rendered cats/new.html.erb within layouts/application (Duration: 0.5ms | Allocations: 442)
  Rendered layout layouts/application.html.erb (Duration: 1.9ms | Allocations: 1959)
Completed 200 OK in 13ms (Views: 3.1ms | ActiveRecord: 5.8ms | Allocations: 7127)


Started GET "/cats/new" for ::1 at 2023-11-27 16:32:31 -0500
Processing by CatsController#new as HTML
  Rendering layout layouts/application.html.erb
  Rendering cats/new.html.erb within layouts/application
  Rendered cats/new.html.erb within layouts/application (Duration: 0.3ms | Allocations: 444)
  Rendered layout layouts/application.html.erb (Duration: 1.9ms | Allocations: 1985)
Completed 200 OK in 13ms (Views: 3.0ms | ActiveRecord: 7.0ms | Allocations: 7178)


Started GET "/cats/new" for ::1 at 2023-11-27 16:33:11 -0500
Processing by CatsController#new as HTML
  Rendering layout layouts/application.html.erb
  Rendering cats/new.html.erb within layouts/application
  Rendered cats/new.html.erb within layouts/application (Duration: 0.3ms | Allocations: 442)
  Rendered layout layouts/application.html.erb (Duration: 1.5ms | Allocations: 1953)
Completed 200 OK in 10ms (Views: 2.5ms | ActiveRecord: 4.2ms | Allocations: 7121)


Started GET "/cats/new" for ::1 at 2023-11-27 16:35:47 -0500
Processing by CatsController#new as HTML
  Rendering layout layouts/application.html.erb
  Rendering cats/new.html.erb within layouts/application
  Rendered cats/new.html.erb within layouts/application (Duration: 0.3ms | Allocations: 462)
  Rendered layout layouts/application.html.erb (Duration: 1.7ms | Allocations: 1990)
Completed 200 OK in 11ms (Views: 3.0ms | ActiveRecord: 4.5ms | Allocations: 7162)


Started GET "/cats/new" for ::1 at 2023-11-27 16:36:04 -0500
Processing by CatsController#new as HTML
  Rendering layout layouts/application.html.erb
  Rendering cats/new.html.erb within layouts/application
  Rendered cats/new.html.erb within layouts/application (Duration: 0.3ms | Allocations: 462)
  Rendered layout layouts/application.html.erb (Duration: 1.7ms | Allocations: 1987)
Completed 200 OK in 11ms (Views: 2.8ms | ActiveRecord: 5.5ms | Allocations: 7160)


Started GET "/cats/new" for ::1 at 2023-11-27 16:36:21 -0500
Processing by CatsController#new as HTML
  Rendering layout layouts/application.html.erb
  Rendering cats/new.html.erb within layouts/application
  Rendered cats/new.html.erb within layouts/application (Duration: 0.3ms | Allocations: 464)
  Rendered layout layouts/application.html.erb (Duration: 1.7ms | Allocations: 1976)
Completed 200 OK in 12ms (Views: 2.6ms | ActiveRecord: 6.5ms | Allocations: 7145)


Started GET "/cats/new" for ::1 at 2023-11-27 16:36:58 -0500
Processing by CatsController#new as HTML
  Rendering layout layouts/application.html.erb
  Rendering cats/new.html.erb within layouts/application
  Rendered cats/new.html.erb within layouts/application (Duration: 0.5ms | Allocations: 466)
  Rendered layout layouts/application.html.erb (Duration: 1.9ms | Allocations: 1982)
Completed 200 OK in 10ms (Views: 3.1ms | ActiveRecord: 3.6ms | Allocations: 7175)


Started GET "/cats/new" for ::1 at 2023-11-27 16:37:28 -0500
Processing by CatsController#new as HTML
  Rendering layout layouts/application.html.erb
  Rendering cats/new.html.erb within layouts/application
  Rendered cats/new.html.erb within layouts/application (Duration: 0.4ms | Allocations: 464)
  Rendered layout layouts/application.html.erb (Duration: 1.8ms | Allocations: 1979)
Completed 200 OK in 12ms (Views: 2.9ms | ActiveRecord: 6.1ms | Allocations: 7152)


Started GET "/cats/new" for ::1 at 2023-11-27 16:37:43 -0500
Processing by CatsController#new as HTML
  Rendering layout layouts/application.html.erb
  Rendering cats/new.html.erb within layouts/application
  Rendered cats/new.html.erb within layouts/application (Duration: 0.4ms | Allocations: 464)
  Rendered layout layouts/application.html.erb (Duration: 1.9ms | Allocations: 1980)
Completed 200 OK in 10ms (Views: 3.2ms | ActiveRecord: 3.7ms | Allocations: 7151)


Started GET "/cats/new" for ::1 at 2023-11-27 16:44:07 -0500
Processing by CatsController#new as HTML
  Rendering layout layouts/application.html.erb
  Rendering cats/new.html.erb within layouts/application
  Rendered cats/_cat.html.erb (Duration: 0.7ms | Allocations: 441)
  Rendered cats/new.html.erb within layouts/application (Duration: 1.2ms | Allocations: 718)
  Rendered layout layouts/application.html.erb (Duration: 3.1ms | Allocations: 2241)
Completed 200 OK in 25ms (Views: 4.5ms | ActiveRecord: 6.9ms | Allocations: 10233)


Started GET "/cats/new" for ::1 at 2023-11-27 16:47:23 -0500
Processing by CatsController#new as HTML
  Rendering layout layouts/application.html.erb
  Rendering cats/new.html.erb within layouts/application
  Rendered cats/_cat.html.erb (Duration: 0.3ms | Allocations: 437)
  Rendered cats/new.html.erb within layouts/application (Duration: 0.6ms | Allocations: 670)
  Rendered layout layouts/application.html.erb (Duration: 2.1ms | Allocations: 2189)
Completed 200 OK in 18ms (Views: 3.4ms | ActiveRecord: 10.7ms | Allocations: 7380)


Started GET "/cats" for ::1 at 2023-11-27 16:47:43 -0500
Processing by CatsController#index as HTML
  [1m[36mCat Load (4.4ms)[0m  [1m[34mSELECT "cats".* FROM "cats"[0m
  ↳ app/controllers/cats_controller.rb:4:in `index'
Completed 200 OK in 11ms (Views: 6.7ms | ActiveRecord: 3.6ms | Allocations: 1178)


Started GET "/cats/1/edit" for ::1 at 2023-11-27 16:47:54 -0500
Processing by CatsController#edit as HTML
  Parameters: {"id"=>"1"}
  Rendering layout layouts/application.html.erb
  Rendering cats/edit.html.erb within layouts/application
  Rendered cats/_cat.html.erb (Duration: 13.6ms | Allocations: 2459)
  Rendered cats/edit.html.erb within layouts/application (Duration: 14.9ms | Allocations: 2598)
  Rendered layout layouts/application.html.erb (Duration: 15.1ms | Allocations: 2681)
Completed 500 Internal Server Error in 16ms (ActiveRecord: 0.0ms | Allocations: 2880)



NoMethodError - undefined method `name' for nil:NilClass:
  app/views/cats/_cat.html.erb:4
  app/views/cats/edit.html.erb:3

Started POST "/__better_errors/261bd279c2ee1433/variables" for ::1 at 2023-11-27 16:47:54 -0500
Started GET "/cats/1/edit" for ::1 at 2023-11-27 17:05:53 -0500
Processing by CatsController#edit as HTML
  Parameters: {"id"=>"1"}
  Rendering layout layouts/application.html.erb
  Rendering cats/edit.html.erb within layouts/application
  Rendered cats/_cat.html.erb (Duration: 0.8ms | Allocations: 1418)
  Rendered cats/edit.html.erb within layouts/application (Duration: 1.4ms | Allocations: 1679)
  Rendered layout layouts/application.html.erb (Duration: 1.5ms | Allocations: 1777)
Completed 500 Internal Server Error in 3ms (ActiveRecord: 0.0ms | Allocations: 2460)



ActionView::SyntaxErrorInTemplate - Encountered a syntax error while rendering template: check <form action ="<%= if action == :from_edit_page ? <% edit_cat_url(cat[:id]) %> : <% new_cat_url %> %>"method="POST">
<% if action == :from_edit_page  %>
    <input type="hidden" name="_method" value="PATCH">
<% end %>
        </form>
    <% end %>
    <label for="name">Name:
        <input type="text" id="name" name="cat[name]" value="<%= cat.name %>" >
    </label>
    <br>
    <br>
    <h3> sex: </h3>
    <label for="M">Male:
        <input type="radio" id="M" name="cat[sex]" value="<%= cat.sex %>" >
    </label>
     <label for="F">Female:
        <input type="radio" id="F" name="cat[sex]" value="<%= cat.sex %>" >
    </label>
    <%# <% Cat::CAT_COLORS.each do |color| %> 
       <%# <label for="color">  %>
        <%# <input type="radio" id="color" name="cat[color]" value="<%=#@cat.color %>
        <%# </label> %>
    <%# <% end %> 
    <br>
    <br>
    <label for="colors">Pick a color:
    <select id="colors"> 
    <% Cat::CAT_COLORS.each do |color| %>
        <option value="<%= cat.color %>"> <%= color %> </option>
    <% end %>
    </select>
    </label>
    <br>
    <br>
    <label for="birthday">Birthdate:
    <input type="date" id="birthday" name="cat[birth_date]" value="<%= cat.birth_date %>">
    </label>
    <br>
    <br>
    <label>Describe the Cat:</label>
    <br>
    <br>
    <textarea id="description" name="cat[description]" value="<%= cat.description%>" placeholder="kitty">
</form>:
  app/views/cats/_cat.html.erb:1:in `'
  app/views/cats/_cat.html.erb:55:in `'
  app/views/cats/edit.html.erb:3

Started POST "/__better_errors/7c738bbabce72abb/variables" for ::1 at 2023-11-27 17:05:53 -0500
Started GET "/cats/1/edit" for ::1 at 2023-11-27 17:06:32 -0500
Processing by CatsController#edit as HTML
  Parameters: {"id"=>"1"}
  Rendering layout layouts/application.html.erb
  Rendering cats/edit.html.erb within layouts/application
  Rendered cats/_cat.html.erb (Duration: 0.6ms | Allocations: 1388)
  Rendered cats/edit.html.erb within layouts/application (Duration: 0.9ms | Allocations: 1643)
  Rendered layout layouts/application.html.erb (Duration: 1.0ms | Allocations: 1741)
Completed 500 Internal Server Error in 2ms (ActiveRecord: 0.0ms | Allocations: 2416)



ActionView::SyntaxErrorInTemplate - Encountered a syntax error while rendering template: check <form action ="<%= if action == from_edit_page ? <% edit_cat_url(cat[:id]) %> : <% new_cat_url %> %>"method="POST">
<% if action == from_edit_page  %>
    <input type="hidden" name="_method" value="PATCH">
<% end %>
        </form>
    <% end %>
    <label for="name">Name:
        <input type="text" id="name" name="cat[name]" value="<%= cat.name %>" >
    </label>
    <br>
    <br>
    <h3> sex: </h3>
    <label for="M">Male:
        <input type="radio" id="M" name="cat[sex]" value="<%= cat.sex %>" >
    </label>
     <label for="F">Female:
        <input type="radio" id="F" name="cat[sex]" value="<%= cat.sex %>" >
    </label>
    <%# <% Cat::CAT_COLORS.each do |color| %> 
       <%# <label for="color">  %>
        <%# <input type="radio" id="color" name="cat[color]" value="<%=#@cat.color %>
        <%# </label> %>
    <%# <% end %> 
    <br>
    <br>
    <label for="colors">Pick a color:
    <select id="colors"> 
    <% Cat::CAT_COLORS.each do |color| %>
        <option value="<%= cat.color %>"> <%= color %> </option>
    <% end %>
    </select>
    </label>
    <br>
    <br>
    <label for="birthday">Birthdate:
    <input type="date" id="birthday" name="cat[birth_date]" value="<%= cat.birth_date %>">
    </label>
    <br>
    <br>
    <label>Describe the Cat:</label>
    <br>
    <br>
    <textarea id="description" name="cat[description]" value="<%= cat.description%>" placeholder="kitty">
</form>:
  app/views/cats/_cat.html.erb:1:in `'
  app/views/cats/_cat.html.erb:55:in `'
  app/views/cats/edit.html.erb:3

Started POST "/__better_errors/d079cce138701cff/variables" for ::1 at 2023-11-27 17:06:33 -0500
Started GET "/cats/1/edit" for ::1 at 2023-11-27 17:07:30 -0500
Processing by CatsController#edit as HTML
  Parameters: {"id"=>"1"}
  Rendering layout layouts/application.html.erb
  Rendering cats/edit.html.erb within layouts/application
  Rendered cats/_cat.html.erb (Duration: 0.5ms | Allocations: 1388)
  Rendered cats/edit.html.erb within layouts/application (Duration: 0.8ms | Allocations: 1645)
  Rendered layout layouts/application.html.erb (Duration: 0.9ms | Allocations: 1743)
Completed 500 Internal Server Error in 2ms (ActiveRecord: 0.0ms | Allocations: 2418)



ActionView::SyntaxErrorInTemplate - Encountered a syntax error while rendering template: check <form action="<%= if action == :from_edit_page ? <% edit_cat_url(cat[:id]) %> : <% new_cat_url %> %>"method="POST">
<% if action == :from_edit_page  %>
    <input type="hidden" name="_method" value="PATCH">
<% end %>
        </form>
    <% end %>
    <label for="name">Name:
        <input type="text" id="name" name="cat[name]" value="<%= cat.name %>" >
    </label>
    <br>
    <br>
    <h3> sex: </h3>
    <label for="M">Male:
        <input type="radio" id="M" name="cat[sex]" value="<%= cat.sex %>" >
    </label>
     <label for="F">Female:
        <input type="radio" id="F" name="cat[sex]" value="<%= cat.sex %>" >
    </label>
    <%# <% Cat::CAT_COLORS.each do |color| %> 
       <%# <label for="color">  %>
        <%# <input type="radio" id="color" name="cat[color]" value="<%=#@cat.color %>
        <%# </label> %>
    <%# <% end %> 
    <br>
    <br>
    <label for="colors">Pick a color:
    <select id="colors"> 
    <% Cat::CAT_COLORS.each do |color| %>
        <option value="<%= cat.color %>"> <%= color %> </option>
    <% end %>
    </select>
    </label>
    <br>
    <br>
    <label for="birthday">Birthdate:
    <input type="date" id="birthday" name="cat[birth_date]" value="<%= cat.birth_date %>">
    </label>
    <br>
    <br>
    <label>Describe the Cat:</label>
    <br>
    <br>
    <textarea id="description" name="cat[description]" value="<%= cat.description%>" placeholder="kitty">
</form>:
  app/views/cats/_cat.html.erb:1:in `'
  app/views/cats/_cat.html.erb:55:in `'
  app/views/cats/edit.html.erb:3

Started POST "/__better_errors/a4e4507d119ad880/variables" for ::1 at 2023-11-27 17:07:31 -0500
Started GET "/cats/1/edit" for ::1 at 2023-11-27 17:10:21 -0500
Processing by CatsController#edit as HTML
  Parameters: {"id"=>"1"}
  Rendering layout layouts/application.html.erb
  Rendering cats/edit.html.erb within layouts/application
  Rendered cats/_cat.html.erb (Duration: 0.7ms | Allocations: 1382)
  Rendered cats/edit.html.erb within layouts/application (Duration: 1.1ms | Allocations: 1643)
  Rendered layout layouts/application.html.erb (Duration: 1.2ms | Allocations: 1744)
Completed 500 Internal Server Error in 2ms (ActiveRecord: 0.0ms | Allocations: 2428)



ActionView::SyntaxErrorInTemplate - Encountered a syntax error while rendering template: check <form action="<%= if action == :from_edit_page ? edit_cat_url(cat[:id]) :  new_cat_url%>"method="POST">
<% if action == :from_edit_page  %>
    <input type="hidden" name="_method" value="PATCH">
<% end %>
    <% end %>
    <label for="name">Name:
        <input type="text" id="name" name="cat[name]" value="<%= cat.name %>" >
    </label>
    <br>
    <br>
    <h3> sex: </h3>
    <label for="M">Male:
        <input type="radio" id="M" name="cat[sex]" value="<%= cat.sex %>" >
    </label>
     <label for="F">Female:
        <input type="radio" id="F" name="cat[sex]" value="<%= cat.sex %>" >
    </label>
    <%# <% Cat::CAT_COLORS.each do |color| %> 
       <%# <label for="color">  %>
        <%# <input type="radio" id="color" name="cat[color]" value="<%=#@cat.color %>
        <%# </label> %>
    <%# <% end %> 
    <br>
    <br>
    <label for="colors">Pick a color:
    <select id="colors"> 
    <% Cat::CAT_COLORS.each do |color| %>
        <option value="<%= cat.color %>"> <%= color %> </option>
    <% end %>
    </select>
    </label>
    <br>
    <br>
    <label for="birthday">Birthdate:
    <input type="date" id="birthday" name="cat[birth_date]" value="<%= cat.birth_date %>">
    </label>
    <br>
    <br>
    <label>Describe the Cat:</label>
    <br>
    <br>
    <textarea id="description" name="cat[description]" value="<%= cat.description%>" placeholder="kitty">
</form>:
  app/views/cats/_cat.html.erb:1:in `'
  app/views/cats/_cat.html.erb:7:in `'
  app/views/cats/_cat.html.erb:54:in `'
  app/views/cats/edit.html.erb:3

Started POST "/__better_errors/26c7b2687c8fc154/variables" for ::1 at 2023-11-27 17:10:21 -0500
Started GET "/cats/1/edit" for ::1 at 2023-11-27 17:10:51 -0500
Processing by CatsController#edit as HTML
  Parameters: {"id"=>"1"}
  Rendering layout layouts/application.html.erb
  Rendering cats/edit.html.erb within layouts/application
  Rendered cats/_cat.html.erb (Duration: 0.6ms | Allocations: 1364)
  Rendered cats/edit.html.erb within layouts/application (Duration: 0.8ms | Allocations: 1615)
  Rendered layout layouts/application.html.erb (Duration: 0.9ms | Allocations: 1710)
Completed 500 Internal Server Error in 1ms (ActiveRecord: 0.0ms | Allocations: 2376)



ActionView::SyntaxErrorInTemplate - Encountered a syntax error while rendering template: check <form action="<%= action == :from_edit_page ? edit_cat_url(cat[:id]) :  new_cat_url%>"method="POST">
<% if action == :from_edit_page  %>
    <input type="hidden" name="_method" value="PATCH">
<% end %>
    <% end %>
    <label for="name">Name:
        <input type="text" id="name" name="cat[name]" value="<%= cat.name %>" >
    </label>
    <br>
    <br>
    <h3> sex: </h3>
    <label for="M">Male:
        <input type="radio" id="M" name="cat[sex]" value="<%= cat.sex %>" >
    </label>
     <label for="F">Female:
        <input type="radio" id="F" name="cat[sex]" value="<%= cat.sex %>" >
    </label>
    <%# <% Cat::CAT_COLORS.each do |color| %> 
       <%# <label for="color">  %>
        <%# <input type="radio" id="color" name="cat[color]" value="<%=#@cat.color %>
        <%# </label> %>
    <%# <% end %> 
    <br>
    <br>
    <label for="colors">Pick a color:
    <select id="colors"> 
    <% Cat::CAT_COLORS.each do |color| %>
        <option value="<%= cat.color %>"> <%= color %> </option>
    <% end %>
    </select>
    </label>
    <br>
    <br>
    <label for="birthday">Birthdate:
    <input type="date" id="birthday" name="cat[birth_date]" value="<%= cat.birth_date %>">
    </label>
    <br>
    <br>
    <label>Describe the Cat:</label>
    <br>
    <br>
    <textarea id="description" name="cat[description]" value="<%= cat.description%>" placeholder="kitty">
</form>:
  app/views/cats/_cat.html.erb:54:in `'
  app/views/cats/edit.html.erb:3

Started POST "/__better_errors/17a7f69908735e44/variables" for ::1 at 2023-11-27 17:10:52 -0500
Started GET "/cats/1/edit" for ::1 at 2023-11-27 17:11:28 -0500
Processing by CatsController#edit as HTML
  Parameters: {"id"=>"1"}
  Rendering layout layouts/application.html.erb
  Rendering cats/edit.html.erb within layouts/application
  Rendered cats/_cat.html.erb (Duration: 0.5ms | Allocations: 1364)
  Rendered cats/edit.html.erb within layouts/application (Duration: 0.9ms | Allocations: 1613)
  Rendered layout layouts/application.html.erb (Duration: 1.0ms | Allocations: 1708)
Completed 500 Internal Server Error in 2ms (ActiveRecord: 0.0ms | Allocations: 2374)



ActionView::SyntaxErrorInTemplate - Encountered a syntax error while rendering template: check <form action="<%= action == from_edit_page ? edit_cat_url(cat[:id]) :  new_cat_url%>"method="POST">
<% if action == from_edit_page  %>
    <input type="hidden" name="_method" value="PATCH">
<% end %>
    <% end %>
    <label for="name">Name:
        <input type="text" id="name" name="cat[name]" value="<%= cat.name %>" >
    </label>
    <br>
    <br>
    <h3> sex: </h3>
    <label for="M">Male:
        <input type="radio" id="M" name="cat[sex]" value="<%= cat.sex %>" >
    </label>
     <label for="F">Female:
        <input type="radio" id="F" name="cat[sex]" value="<%= cat.sex %>" >
    </label>
    <%# <% Cat::CAT_COLORS.each do |color| %> 
       <%# <label for="color">  %>
        <%# <input type="radio" id="color" name="cat[color]" value="<%=#@cat.color %>
        <%# </label> %>
    <%# <% end %> 
    <br>
    <br>
    <label for="colors">Pick a color:
    <select id="colors"> 
    <% Cat::CAT_COLORS.each do |color| %>
        <option value="<%= cat.color %>"> <%= color %> </option>
    <% end %>
    </select>
    </label>
    <br>
    <br>
    <label for="birthday">Birthdate:
    <input type="date" id="birthday" name="cat[birth_date]" value="<%= cat.birth_date %>">
    </label>
    <br>
    <br>
    <label>Describe the Cat:</label>
    <br>
    <br>
    <textarea id="description" name="cat[description]" value="<%= cat.description%>" placeholder="kitty">
</form>:
  app/views/cats/_cat.html.erb:54:in `'
  app/views/cats/edit.html.erb:3

Started POST "/__better_errors/5a2aa27f4f492a04/variables" for ::1 at 2023-11-27 17:11:28 -0500
Started GET "/cats/1/edit" for ::1 at 2023-11-27 17:15:12 -0500
Processing by CatsController#edit as HTML
  Parameters: {"id"=>"1"}
  Rendering layout layouts/application.html.erb
  Rendering cats/edit.html.erb within layouts/application
  Rendered cats/_cat.html.erb (Duration: 0.6ms | Allocations: 1364)
  Rendered cats/edit.html.erb within layouts/application (Duration: 1.1ms | Allocations: 1613)
  Rendered layout layouts/application.html.erb (Duration: 1.2ms | Allocations: 1708)
Completed 500 Internal Server Error in 2ms (ActiveRecord: 0.0ms | Allocations: 2374)



ActionView::SyntaxErrorInTemplate - Encountered a syntax error while rendering template: check <form action="<%= action == from_edit_page ? edit_cat_url(cat) :  new_cat_url%>"method="POST">
<% if action == from_edit_page  %>
    <input type="hidden" name="_method" value="PATCH">
<% end %>
    <% end %>
    <label for="name">Name:
        <input type="text" id="name" name="cat[name]" value="<%= cat.name %>" >
    </label>
    <br>
    <br>
    <h3> sex: </h3>
    <label for="M">Male:
        <input type="radio" id="M" name="cat[sex]" value="<%= cat.sex %>" >
    </label>
     <label for="F">Female:
        <input type="radio" id="F" name="cat[sex]" value="<%= cat.sex %>" >
    </label>
    <%# <% Cat::CAT_COLORS.each do |color| %> 
       <%# <label for="color">  %>
        <%# <input type="radio" id="color" name="cat[color]" value="<%=#@cat.color %>
        <%# </label> %>
    <%# <% end %> 
    <br>
    <br>
    <label for="colors">Pick a color:
    <select id="colors"> 
    <% Cat::CAT_COLORS.each do |color| %>
        <option value="<%= cat.color %>"> <%= color %> </option>
    <% end %>
    </select>
    </label>
    <br>
    <br>
    <label for="birthday">Birthdate:
    <input type="date" id="birthday" name="cat[birth_date]" value="<%= cat.birth_date %>">
    </label>
    <br>
    <br>
    <label>Describe the Cat:</label>
    <br>
    <br>
    <textarea id="description" name="cat[description]" value="<%= cat.description%>" placeholder="kitty">
</form>:
  app/views/cats/_cat.html.erb:54:in `'
  app/views/cats/edit.html.erb:3

Started POST "/__better_errors/2bc48ffe8c13c300/variables" for ::1 at 2023-11-27 17:15:12 -0500
Started GET "/cats/1/edit" for ::1 at 2023-11-27 17:15:40 -0500
Processing by CatsController#edit as HTML
  Parameters: {"id"=>"1"}
  Rendering layout layouts/application.html.erb
  Rendering cats/edit.html.erb within layouts/application
  Rendered cats/_cat.html.erb (Duration: 0.4ms | Allocations: 1368)
  Rendered cats/edit.html.erb within layouts/application (Duration: 0.7ms | Allocations: 1621)
  Rendered layout layouts/application.html.erb (Duration: 0.8ms | Allocations: 1716)
Completed 500 Internal Server Error in 2ms (ActiveRecord: 0.0ms | Allocations: 2382)



ActionView::SyntaxErrorInTemplate - Encountered a syntax error while rendering template: check <form action="<%= action == from_edit_page ? edit_cat_url(cat) :  new_cat_url%>"method="POST">
<%# <% if action == from_edit_page  %>
    <input type="hidden" name="_method" value="PATCH">
<%# <% end %> 
    <% end %>
    <label for="name">Name:
        <input type="text" id="name" name="cat[name]" value="<%= cat.name %>" >
    </label>
    <br>
    <br>
    <h3> sex: </h3>
    <label for="M">Male:
        <input type="radio" id="M" name="cat[sex]" value="<%= cat.sex %>" >
    </label>
     <label for="F">Female:
        <input type="radio" id="F" name="cat[sex]" value="<%= cat.sex %>" >
    </label>
    <%# <% Cat::CAT_COLORS.each do |color| %> 
       <%# <label for="color">  %>
        <%# <input type="radio" id="color" name="cat[color]" value="<%=#@cat.color %>
        <%# </label> %>
    <%# <% end %> 
    <br>
    <br>
    <label for="colors">Pick a color:
    <select id="colors"> 
    <% Cat::CAT_COLORS.each do |color| %>
        <option value="<%= cat.color %>"> <%= color %> </option>
    <% end %>
    </select>
    </label>
    <br>
    <br>
    <label for="birthday">Birthdate:
    <input type="date" id="birthday" name="cat[birth_date]" value="<%= cat.birth_date %>">
    </label>
    <br>
    <br>
    <label>Describe the Cat:</label>
    <br>
    <br>
    <textarea id="description" name="cat[description]" value="<%= cat.description%>" placeholder="kitty">
</form>:
  app/views/cats/_cat.html.erb:54:in `'
  app/views/cats/edit.html.erb:3

Started POST "/__better_errors/2c41f34cd25c7e65/variables" for ::1 at 2023-11-27 17:15:40 -0500
Started GET "/cats/1/edit" for ::1 at 2023-11-27 17:19:09 -0500
Processing by CatsController#edit as HTML
  Parameters: {"id"=>"1"}
  Rendering layout layouts/application.html.erb
  Rendering cats/edit.html.erb within layouts/application
  Rendered cats/edit.html.erb within layouts/application (Duration: 1.1ms | Allocations: 1239)
  Rendered layout layouts/application.html.erb (Duration: 1.2ms | Allocations: 1328)
Completed 500 Internal Server Error in 2ms (ActiveRecord: 0.0ms | Allocations: 1968)



ActionView::MissingTemplate - Missing partial cats/_cat, application/_cat with {:locale=>[:en], :formats=>[:html], :variants=>[], :handlers=>[:raw, :erb, :html, :builder, :ruby]}.
Searched in:
  * "/Users/Eric/Desktop/Week7/W7D1/practice-for-ch-rails-ninety-nine-cats1-long-practice-main/cats99/app/views":
  app/views/cats/edit.html.erb:3

Started POST "/__better_errors/58895f901ecb1c63/variables" for ::1 at 2023-11-27 17:19:09 -0500
Started GET "/cats/1/edit" for ::1 at 2023-11-27 17:24:52 -0500
Processing by CatsController#edit as HTML
  Parameters: {"id"=>"1"}
  Rendering layout layouts/application.html.erb
  Rendering cats/edit.html.erb within layouts/application
  Rendered cats/edit.html.erb within layouts/application (Duration: 0.7ms | Allocations: 1154)
  Rendered layout layouts/application.html.erb (Duration: 0.8ms | Allocations: 1243)
Completed 500 Internal Server Error in 2ms (ActiveRecord: 0.0ms | Allocations: 1883)



ActionController::UrlGenerationError - No route matches {:action=>"edit", :controller=>"cats", :id=>nil}, missing required keys: [:id]:
  app/views/cats/edit.html.erb:2

Started POST "/__better_errors/d0f75faa0f841a4f/variables" for ::1 at 2023-11-27 17:24:52 -0500
Started GET "/cats/1/edit" for ::1 at 2023-11-27 17:25:22 -0500
Processing by CatsController#edit as HTML
  Parameters: {"id"=>"1"}
  Rendering layout layouts/application.html.erb
  Rendering cats/edit.html.erb within layouts/application
  Rendered cats/edit.html.erb within layouts/application (Duration: 15.9ms | Allocations: 4452)
  Rendered layout layouts/application.html.erb (Duration: 16.1ms | Allocations: 4541)
Completed 500 Internal Server Error in 20ms (ActiveRecord: 0.0ms | Allocations: 5179)



NoMethodError - undefined method `edit_cats_url' for #<ActionView::Base:0x0000000002cfb0>
Did you mean?  edit_cat_url:
  app/views/cats/edit.html.erb:2

Started POST "/__better_errors/07842edd5547c06f/variables" for ::1 at 2023-11-27 17:25:22 -0500
Started GET "/cats/1/edit" for ::1 at 2023-11-27 17:25:40 -0500
Processing by CatsController#edit as HTML
  Parameters: {"id"=>"1"}
  Rendering layout layouts/application.html.erb
  Rendering cats/edit.html.erb within layouts/application
  Rendered cats/edit.html.erb within layouts/application (Duration: 0.5ms | Allocations: 1118)
  Rendered layout layouts/application.html.erb (Duration: 0.7ms | Allocations: 1207)
Completed 500 Internal Server Error in 1ms (ActiveRecord: 0.0ms | Allocations: 1845)



ActionController::UrlGenerationError - No route matches {:action=>"edit", :controller=>"cats", :id=>nil}, missing required keys: [:id]:
  app/views/cats/edit.html.erb:2

Started POST "/__better_errors/a80e08122260cad0/variables" for ::1 at 2023-11-27 17:25:40 -0500
Started GET "/cats/1/edit" for ::1 at 2023-11-27 17:26:58 -0500
Processing by CatsController#edit as HTML
  Parameters: {"id"=>"1"}
  Rendering layout layouts/application.html.erb
  Rendering cats/edit.html.erb within layouts/application
  Rendered cats/edit.html.erb within layouts/application (Duration: 0.6ms | Allocations: 1122)
  Rendered layout layouts/application.html.erb (Duration: 0.7ms | Allocations: 1211)
Completed 500 Internal Server Error in 1ms (ActiveRecord: 0.0ms | Allocations: 1849)



ActionController::UrlGenerationError - No route matches {:action=>"edit", :controller=>"cats", :id=>nil}, missing required keys: [:id]:
  app/views/cats/edit.html.erb:2

Started POST "/__better_errors/54238690268b1f32/variables" for ::1 at 2023-11-27 17:26:58 -0500
Started GET "/cats/new" for ::1 at 2023-11-27 17:27:09 -0500
Processing by CatsController#new as HTML
  Rendering layout layouts/application.html.erb
  Rendering cats/new.html.erb within layouts/application
  Rendered cats/_cat.html.erb (Duration: 160.5ms | Allocations: 1624)
  Rendered cats/new.html.erb within layouts/application (Duration: 161.7ms | Allocations: 2092)
  Rendered layout layouts/application.html.erb (Duration: 161.9ms | Allocations: 2257)
Completed 500 Internal Server Error in 194ms (ActiveRecord: 11.2ms | Allocations: 9718)



ActionView::SyntaxErrorInTemplate - Encountered a syntax error while rendering template: check <form action="<%=# action == from_edit_page ? edit_cat_url(cat) :  new_cat_url%>"method="POST">
<%# <% if action == from_edit_page  %>
    <%# <input type="hidden" name="_method" value="PATCH"> %>
<%# <% end %> 
    <% end %>
    <label for="name">Name:
        <input type="text" id="name" name="cat[name]" value="<%= cat.name %>" >
    </label>
    <br>
    <br>
    <h3> sex: </h3>
    <label for="M">Male:
        <input type="radio" id="M" name="cat[sex]" value="<%= cat.sex %>" >
    </label>
     <label for="F">Female:
        <input type="radio" id="F" name="cat[sex]" value="<%= cat.sex %>" >
    </label>
    <%# <% Cat::CAT_COLORS.each do |color| %> 
       <%# <label for="color">  %>
        <%# <input type="radio" id="color" name="cat[color]" value="<%=#@cat.color %>
        <%# </label> %>
    <%# <% end %> 
    <br>
    <br>
    <label for="colors">Pick a color:
    <select id="colors"> 
    <% Cat::CAT_COLORS.each do |color| %>
        <option value="<%= cat.color %>"> <%= color %> </option>
    <% end %>
    </select>
    </label>
    <br>
    <br>
    <label for="birthday">Birthdate:
    <input type="date" id="birthday" name="cat[birth_date]" value="<%= cat.birth_date %>">
    </label>
    <br>
    <br>
    <label>Describe the Cat:</label>
    <br>
    <br>
    <textarea id="description" name="cat[description]" value="<%= cat.description%>" placeholder="kitty">
</form>:
  app/views/cats/_cat.html.erb:8:in `'
  app/views/cats/_cat.html.erb:8:in `'
  app/views/cats/_cat.html.erb:9:in `'
  app/views/cats/_cat.html.erb:9:in `'
  app/views/cats/_cat.html.erb:9:in `'
  app/views/cats/_cat.html.erb:10:in `'
  app/views/cats/_cat.html.erb:13:in `'
  app/views/cats/_cat.html.erb:13:in `'
  app/views/cats/_cat.html.erb:15:in `'
  app/views/cats/_cat.html.erb:16:in `'
  app/views/cats/_cat.html.erb:16:in `'
  app/views/cats/_cat.html.erb:16:in `'
  app/views/cats/_cat.html.erb:17:in `'
  app/views/cats/_cat.html.erb:20:in `'
  app/views/cats/_cat.html.erb:29:in `'
  app/views/cats/_cat.html.erb:30:in `'
  app/views/cats/_cat.html.erb:35:in `'
  app/views/cats/_cat.html.erb:37:in `'
  app/views/cats/_cat.html.erb:38:in `'
  app/views/cats/_cat.html.erb:44:in `'
  app/views/cats/_cat.html.erb:45:in `'
  app/views/cats/_cat.html.erb:47:in `'
  app/views/cats/_cat.html.erb:51:in `'
  app/views/cats/_cat.html.erb:54:in `'
  app/views/cats/_cat.html.erb:54:in `'
  app/views/cats/new.html.erb:3
  app/controllers/cats_controller.rb:14:in `new'

Started POST "/__better_errors/906ba6c25f31b647/variables" for ::1 at 2023-11-27 17:27:10 -0500
Started GET "/cats/new" for ::1 at 2023-11-27 17:27:36 -0500
Processing by CatsController#new as HTML
  Rendering layout layouts/application.html.erb
  Rendering cats/new.html.erb within layouts/application
  Rendered cats/_cat.html.erb (Duration: 0.2ms | Allocations: 330)
  Rendered cats/new.html.erb within layouts/application (Duration: 0.8ms | Allocations: 655)
  Rendered layout layouts/application.html.erb (Duration: 2.2ms | Allocations: 2178)
Completed 200 OK in 22ms (Views: 3.5ms | ActiveRecord: 15.1ms | Allocations: 7372)


Started GET "/cats/1/edit" for ::1 at 2023-11-27 17:27:57 -0500
Processing by CatsController#edit as HTML
  Parameters: {"id"=>"1"}
  Rendering layout layouts/application.html.erb
  Rendering cats/edit.html.erb within layouts/application
  Rendered cats/edit.html.erb within layouts/application (Duration: 3.2ms | Allocations: 1063)
  Rendered layout layouts/application.html.erb (Duration: 3.5ms | Allocations: 1146)
Completed 500 Internal Server Error in 5ms (ActiveRecord: 0.0ms | Allocations: 1352)



ActionController::UrlGenerationError - No route matches {:action=>"edit", :controller=>"cats", :id=>nil}, missing required keys: [:id]:
  app/views/cats/edit.html.erb:2

Started POST "/__better_errors/65f01fa15425228e/variables" for ::1 at 2023-11-27 17:27:57 -0500
Started GET "/cats/1/edit" for ::1 at 2023-11-27 17:28:44 -0500
Processing by CatsController#edit as HTML
  Parameters: {"id"=>"1"}
  Rendering layout layouts/application.html.erb
  Rendering cats/edit.html.erb within layouts/application
  Rendered cats/edit.html.erb within layouts/application (Duration: 1.1ms | Allocations: 2312)
  Rendered layout layouts/application.html.erb (Duration: 1.2ms | Allocations: 2401)
Completed 500 Internal Server Error in 2ms (ActiveRecord: 0.0ms | Allocations: 3040)



NoMethodError - undefined method `id' for nil:NilClass:
  app/views/cats/edit.html.erb:2

Started POST "/__better_errors/5c33fd944b0b9d45/variables" for ::1 at 2023-11-27 17:28:44 -0500
Started GET "/cats/1/edit" for ::1 at 2023-11-27 17:28:55 -0500
Processing by CatsController#edit as HTML
  Parameters: {"id"=>"1"}
  Rendering layout layouts/application.html.erb
  Rendering cats/edit.html.erb within layouts/application
  Rendered cats/edit.html.erb within layouts/application (Duration: 1.1ms | Allocations: 2268)
  Rendered layout layouts/application.html.erb (Duration: 1.2ms | Allocations: 2357)
Completed 500 Internal Server Error in 2ms (ActiveRecord: 0.0ms | Allocations: 2995)



NoMethodError - undefined method `[]' for nil:NilClass:
  app/views/cats/edit.html.erb:2

Started POST "/__better_errors/e9dc0ce01f3e4145/variables" for ::1 at 2023-11-27 17:28:55 -0500
Started GET "/cats/1/edit" for ::1 at 2023-11-27 17:29:01 -0500
Processing by CatsController#edit as HTML
  Parameters: {"id"=>"1"}
  Rendering layout layouts/application.html.erb
  Rendering cats/edit.html.erb within layouts/application
  Rendered cats/edit.html.erb within layouts/application (Duration: 3.7ms | Allocations: 4734)
  Rendered layout layouts/application.html.erb (Duration: 3.8ms | Allocations: 4823)
Completed 500 Internal Server Error in 5ms (ActiveRecord: 0.0ms | Allocations: 5462)



NameError - undefined local variable or method `id' for #<ActionView::Base:0x000000000340f8>:
  app/views/cats/edit.html.erb:2

Started POST "/__better_errors/b2b20112f5af4cef/variables" for ::1 at 2023-11-27 17:29:01 -0500
Started GET "/cats/1/edit" for ::1 at 2023-11-27 17:29:09 -0500
Processing by CatsController#edit as HTML
  Parameters: {"id"=>"1"}
  Rendering layout layouts/application.html.erb
  Rendering cats/edit.html.erb within layouts/application
  Rendered cats/_cat.html.erb (Duration: 1.4ms | Allocations: 2670)
  Rendered cats/edit.html.erb within layouts/application (Duration: 2.1ms | Allocations: 3033)
  Rendered layout layouts/application.html.erb (Duration: 2.1ms | Allocations: 3120)
Completed 500 Internal Server Error in 3ms (ActiveRecord: 0.0ms | Allocations: 3759)



NoMethodError - undefined method `name' for nil:NilClass:
  app/views/cats/_cat.html.erb:3
  app/views/cats/edit.html.erb:4

Started POST "/__better_errors/e1eed1d088fca9ca/variables" for ::1 at 2023-11-27 17:29:09 -0500
Started GET "/cats/1/edit" for ::1 at 2023-11-27 17:30:02 -0500
Processing by CatsController#edit as HTML
  Parameters: {"id"=>"1"}
  Rendering layout layouts/application.html.erb
  Rendering cats/edit.html.erb within layouts/application
  Rendered cats/edit.html.erb within layouts/application (Duration: 0.4ms | Allocations: 1120)
  Rendered layout layouts/application.html.erb (Duration: 0.4ms | Allocations: 1209)
Completed 500 Internal Server Error in 1ms (ActiveRecord: 0.0ms | Allocations: 1848)



ActionController::UrlGenerationError - No route matches {:action=>"edit", :controller=>"cats", :id=>nil}, missing required keys: [:id]:
  app/views/cats/edit.html.erb:2

Started POST "/__better_errors/bbd5f5a448995c20/variables" for ::1 at 2023-11-27 17:30:02 -0500
Started GET "/cats" for ::1 at 2023-11-27 17:30:36 -0500
Processing by CatsController#index as HTML
  [1m[36mCat Load (2.1ms)[0m  [1m[34mSELECT "cats".* FROM "cats"[0m
  ↳ app/controllers/cats_controller.rb:4:in `index'
Completed 200 OK in 30ms (Views: 11.0ms | ActiveRecord: 12.0ms | Allocations: 5544)


Started POST "/__better_errors/bbd5f5a448995c20/variables" for ::1 at 2023-11-27 17:30:43 -0500
Started GET "/cats/new" for ::1 at 2023-11-27 17:34:27 -0500
Processing by CatsController#new as */*
  Parameters: {"id"=>"2"}
  Rendering layout layouts/application.html.erb
  Rendering cats/new.html.erb within layouts/application
  Rendered cats/_cat.html.erb (Duration: 0.4ms | Allocations: 329)
  Rendered cats/new.html.erb within layouts/application (Duration: 1.2ms | Allocations: 654)
  Rendered layout layouts/application.html.erb (Duration: 3.7ms | Allocations: 2166)
Completed 200 OK in 17ms (Views: 5.7ms | ActiveRecord: 6.5ms | Allocations: 7418)


Started GET "/cats/new" for ::1 at 2023-11-27 17:34:56 -0500
Processing by CatsController#new as */*
  Parameters: {"id"=>"2"}
  Rendering layout layouts/application.html.erb
  Rendering cats/new.html.erb within layouts/application
  Rendered cats/_cat.html.erb (Duration: 0.1ms | Allocations: 13)
  Rendered cats/new.html.erb within layouts/application (Duration: 0.4ms | Allocations: 110)
  Rendered layout layouts/application.html.erb (Duration: 3.1ms | Allocations: 1212)
Completed 200 OK in 4ms (Views: 3.9ms | ActiveRecord: 0.0ms | Allocations: 1434)


Started GET "/cats/1/edit" for ::1 at 2023-11-27 17:35:03 -0500
Processing by CatsController#edit as HTML
  Parameters: {"id"=>"1"}
  Rendering layout layouts/application.html.erb
  Rendering cats/edit.html.erb within layouts/application
  Rendered cats/edit.html.erb within layouts/application (Duration: 1.2ms | Allocations: 1063)
  Rendered layout layouts/application.html.erb (Duration: 1.5ms | Allocations: 1146)
Completed 500 Internal Server Error in 2ms (ActiveRecord: 0.0ms | Allocations: 1340)



ActionController::UrlGenerationError - No route matches {:action=>"show", :controller=>"cats", :id=>nil}, missing required keys: [:id]:
  app/views/cats/edit.html.erb:2

Started POST "/__better_errors/4889a1140de8e05c/variables" for ::1 at 2023-11-27 17:35:03 -0500
Started GET "/cats/1/edit" for ::1 at 2023-11-27 17:43:39 -0500
Processing by CatsController#edit as HTML
  Parameters: {"id"=>"1"}
  Rendering layout layouts/application.html.erb
  Rendering cats/edit.html.erb within layouts/application
  Rendered cats/edit.html.erb within layouts/application (Duration: 0.5ms | Allocations: 1280)
  Rendered layout layouts/application.html.erb (Duration: 0.7ms | Allocations: 1369)
Completed 500 Internal Server Error in 1ms (ActiveRecord: 0.0ms | Allocations: 2008)



ActionController::UrlGenerationError - No route matches {:action=>"show", :controller=>"cats", :id=>nil}, missing required keys: [:id]:
  app/views/cats/edit.html.erb:2

Started POST "/__better_errors/9b519e539755f915/variables" for ::1 at 2023-11-27 17:43:39 -0500
Started GET "/cats/1/edit" for ::1 at 2023-11-27 17:44:19 -0500
Processing by CatsController#edit as HTML
  Parameters: {"id"=>"1"}
  Rendering layout layouts/application.html.erb
  Rendering cats/edit.html.erb within layouts/application
  Rendered cats/edit.html.erb within layouts/application (Duration: 0.4ms | Allocations: 1273)
  Rendered layout layouts/application.html.erb (Duration: 0.5ms | Allocations: 1362)
Completed 500 Internal Server Error in 1ms (ActiveRecord: 0.0ms | Allocations: 2000)



ActionController::UrlGenerationError - No route matches {:action=>"show", :controller=>"cats", :id=>nil}, missing required keys: [:id]:
  app/views/cats/edit.html.erb:2

Started POST "/__better_errors/4212e46ea5d50783/variables" for ::1 at 2023-11-27 17:44:19 -0500
Started GET "/cats/1/edit" for ::1 at 2023-11-27 17:44:25 -0500
Processing by CatsController#edit as HTML
  Parameters: {"id"=>"1"}
  Rendering layout layouts/application.html.erb
  Rendering cats/edit.html.erb within layouts/application
  Rendered cats/edit.html.erb within layouts/application (Duration: 1.1ms | Allocations: 952)
  Rendered layout layouts/application.html.erb (Duration: 1.3ms | Allocations: 1035)
Completed 500 Internal Server Error in 2ms (ActiveRecord: 0.0ms | Allocations: 1226)



ActionController::UrlGenerationError - No route matches {:action=>"show", :controller=>"cats", :id=>nil}, missing required keys: [:id]:
  app/views/cats/edit.html.erb:2

Started POST "/__better_errors/53c97dcd1c7c0534/variables" for ::1 at 2023-11-27 17:44:25 -0500
Started GET "/cats/1/edit" for ::1 at 2023-11-27 17:44:36 -0500
Processing by CatsController#edit as HTML
  Parameters: {"id"=>"1"}
  Rendering layout layouts/application.html.erb
  Rendering cats/edit.html.erb within layouts/application
  Rendered cats/edit.html.erb within layouts/application (Duration: 0.5ms | Allocations: 1277)
  Rendered layout layouts/application.html.erb (Duration: 0.6ms | Allocations: 1366)
Completed 500 Internal Server Error in 1ms (ActiveRecord: 0.0ms | Allocations: 2004)



ActionController::UrlGenerationError - No route matches {:action=>"show", :controller=>"cats", :id=>nil}, missing required keys: [:id]:
  app/views/cats/edit.html.erb:2

Started POST "/__better_errors/3c32af1e7b53969b/variables" for ::1 at 2023-11-27 17:44:36 -0500
Started GET "/cats/1/edit" for ::1 at 2023-11-27 17:44:47 -0500
Processing by CatsController#edit as */*
  Parameters: {"id"=>"1"}
  Rendering layout layouts/application.html.erb
  Rendering cats/edit.html.erb within layouts/application
  Rendered cats/edit.html.erb within layouts/application (Duration: 7.1ms | Allocations: 952)
  Rendered layout layouts/application.html.erb (Duration: 7.3ms | Allocations: 1035)
Completed 500 Internal Server Error in 12ms (ActiveRecord: 0.0ms | Allocations: 1229)



ActionController::UrlGenerationError - No route matches {:action=>"show", :controller=>"cats", :id=>nil}, missing required keys: [:id]:
  app/views/cats/edit.html.erb:2

Started GET "/cats/1/edit" for ::1 at 2023-11-27 17:45:51 -0500
Processing by CatsController#edit as HTML
  Parameters: {"id"=>"1"}
  [1m[36mCat Load (1.0ms)[0m  [1m[34mSELECT "cats".* FROM "cats" WHERE "cats"."id" = $1 LIMIT $2[0m  [["id", 1], ["LIMIT", 1]]
  ↳ app/controllers/cats_controller.rb:18:in `edit'
  Rendering layout layouts/application.html.erb
  Rendering cats/edit.html.erb within layouts/application
  Rendered cats/edit.html.erb within layouts/application (Duration: 5.4ms | Allocations: 4956)
  Rendered layout layouts/application.html.erb (Duration: 5.7ms | Allocations: 5045)
Completed 500 Internal Server Error in 36ms (ActiveRecord: 7.8ms | Allocations: 15845)



NameError - undefined local variable or method `cat' for #<ActionView::Base:0x0000000003cd20>
Did you mean?  @cat:
  app/views/cats/edit.html.erb:6
  app/controllers/cats_controller.rb:19:in `edit'

Started POST "/__better_errors/9dafa2c38d3882b9/variables" for ::1 at 2023-11-27 17:45:51 -0500
Started POST "/__better_errors/9dafa2c38d3882b9/variables" for ::1 at 2023-11-27 17:45:54 -0500
Started GET "/cats/1/edit" for ::1 at 2023-11-27 17:46:46 -0500
Processing by CatsController#edit as HTML
  Parameters: {"id"=>"1"}
  [1m[36mCat Load (0.2ms)[0m  [1m[34mSELECT "cats".* FROM "cats" WHERE "cats"."id" = $1 LIMIT $2[0m  [["id", 1], ["LIMIT", 1]]
  ↳ app/controllers/cats_controller.rb:18:in `edit'
  Rendering layout layouts/application.html.erb
  Rendering cats/edit.html.erb within layouts/application
  Rendered cats/edit.html.erb within layouts/application (Duration: 0.4ms | Allocations: 418)
  Rendered layout layouts/application.html.erb (Duration: 1.7ms | Allocations: 1955)
Completed 200 OK in 20ms (Views: 2.8ms | ActiveRecord: 13.0ms | Allocations: 8834)


Started GET "/cats/1/edit" for ::1 at 2023-11-27 17:52:25 -0500
Processing by CatsController#edit as HTML
  Parameters: {"id"=>"1"}
  [1m[36mCat Load (1.3ms)[0m  [1m[34mSELECT "cats".* FROM "cats" WHERE "cats"."id" = $1 LIMIT $2[0m  [["id", 1], ["LIMIT", 1]]
  ↳ app/controllers/cats_controller.rb:18:in `edit'
  Rendering layout layouts/application.html.erb
  Rendering cats/edit.html.erb within layouts/application
  Rendered cats/edit.html.erb within layouts/application (Duration: 0.4ms | Allocations: 419)
  Rendered layout layouts/application.html.erb (Duration: 1.9ms | Allocations: 1941)
Completed 200 OK in 27ms (Views: 3.7ms | ActiveRecord: 11.5ms | Allocations: 11456)


Started GET "/cats/new" for ::1 at 2023-11-27 17:52:33 -0500
Processing by CatsController#new as HTML
  Rendering layout layouts/application.html.erb
  Rendering cats/new.html.erb within layouts/application
  Rendered cats/_cat.html.erb (Duration: 1.0ms | Allocations: 312)
  Rendered cats/new.html.erb within layouts/application (Duration: 2.5ms | Allocations: 576)
  Rendered layout layouts/application.html.erb (Duration: 6.1ms | Allocations: 1676)
Completed 200 OK in 8ms (Views: 7.4ms | ActiveRecord: 0.0ms | Allocations: 1959)


Started GET "/cats/1/edit" for ::1 at 2023-11-27 17:52:48 -0500
Processing by CatsController#edit as HTML
  Parameters: {"id"=>"1"}
  [1m[36mCat Load (1.9ms)[0m  [1m[34mSELECT "cats".* FROM "cats" WHERE "cats"."id" = $1 LIMIT $2[0m  [["id", 1], ["LIMIT", 1]]
  ↳ app/controllers/cats_controller.rb:18:in `edit'
  Rendering layout layouts/application.html.erb
  Rendering cats/edit.html.erb within layouts/application
  Rendered cats/edit.html.erb within layouts/application (Duration: 0.5ms | Allocations: 72)
  Rendered layout layouts/application.html.erb (Duration: 5.5ms | Allocations: 1157)
Completed 200 OK in 12ms (Views: 6.1ms | ActiveRecord: 2.1ms | Allocations: 1957)


Started GET "/cats/new" for ::1 at 2023-11-27 17:52:56 -0500
Processing by CatsController#new as HTML
  Rendering layout layouts/application.html.erb
  Rendering cats/new.html.erb within layouts/application
  Rendered cats/_cat.html.erb (Duration: 0.2ms | Allocations: 13)
  Rendered cats/new.html.erb within layouts/application (Duration: 0.8ms | Allocations: 110)
  Rendered layout layouts/application.html.erb (Duration: 7.3ms | Allocations: 1235)
Completed 200 OK in 9ms (Views: 9.1ms | ActiveRecord: 0.0ms | Allocations: 1427)


Started GET "/cats/new" for ::1 at 2023-11-27 17:54:52 -0500
Processing by CatsController#new as HTML
  Rendering layout layouts/application.html.erb
  Rendering cats/new.html.erb within layouts/application
  Rendered cats/_cat.html.erb (Duration: 0.2ms | Allocations: 328)
  Rendered cats/new.html.erb within layouts/application (Duration: 0.8ms | Allocations: 655)
  Rendered layout layouts/application.html.erb (Duration: 2.5ms | Allocations: 2174)
Completed 200 OK in 17ms (Views: 4.0ms | ActiveRecord: 10.0ms | Allocations: 7367)


Started GET "/cats/new" for ::1 at 2023-11-27 17:55:22 -0500
Processing by CatsController#new as HTML
  Rendering layout layouts/application.html.erb
  Rendering cats/new.html.erb within layouts/application
  Rendered cats/_cat.html.erb (Duration: 0.3ms | Allocations: 328)
  Rendered cats/new.html.erb within layouts/application (Duration: 1.0ms | Allocations: 658)
  Rendered layout layouts/application.html.erb (Duration: 2.6ms | Allocations: 2186)
Completed 200 OK in 13ms (Views: 3.9ms | ActiveRecord: 5.0ms | Allocations: 7353)


